13:41:58.030 [error] Shutting down
13:41:58.033 [warning] Received an Exit notification. Halting the server in 150ms
13:41:58.033 [info] Child :timer_server of Supervisor :kernel_sup started
Pid: #PID<0.1653.0>
Start Call: :timer.start_link()
Restart: :permanent
Shutdown: 1000
Type: :worker
13:41:58.040 [error] stdio received :eof, server will stop.
13:41:58.041 [error] Child LXical.Server.Transport.StdIO of Supervisor LXical.Server.Supervisor terminated
** (exit) normal
Pid: #PID<0.1555.0>
Start Call: LXical.Server.Transport.StdIO.start_link(:standard_io, &LXical.Server.protocol_message/1)
Restart: :permanent
Shutdown: 5000
Type: :worker
13:41:58.041 [info] Child LXical.Server.Transport.StdIO of Supervisor LXical.Server.Supervisor started
Pid: #PID<0.1654.0>
Start Call: LXical.Server.Transport.StdIO.start_link(:standard_io, &LXical.Server.protocol_message/1)
Restart: :permanent
Shutdown: 5000
Type: :worker
